  sistema.cpp
c:\users\heloy\documents\github\dinamicacr\dinamicacr\dinamica\dinamica\contato.h(29): warning C4018: '<': incompatibilidade de signed/unsigned
c:\users\heloy\documents\github\dinamicacr\dinamicacr\dinamica\dinamica\contato.h(31): warning C4018: '<': incompatibilidade de signed/unsigned
c:\users\heloy\documents\github\dinamicacr\dinamicacr\dinamica\dinamica\contato.h(11): warning C4101: 'ang2y': variável local não referenciada
c:\users\heloy\documents\github\dinamicacr\dinamicacr\dinamica\dinamica\contato.h(11): warning C4101: 'ang1y': variável local não referenciada
c:\users\heloy\documents\github\dinamicacr\dinamicacr\dinamica\dinamica\sistema.cpp(31): warning C4018: '<': incompatibilidade de signed/unsigned
c:\users\heloy\documents\github\dinamicacr\dinamicacr\dinamica\dinamica\sistema.cpp(44): warning C4018: '<': incompatibilidade de signed/unsigned
c:\users\heloy\documents\github\dinamicacr\dinamicacr\dinamica\dinamica\sistema.cpp(46): warning C4018: '<': incompatibilidade de signed/unsigned
c:\users\heloy\documents\github\dinamicacr\dinamicacr\dinamica\dinamica\sistema.cpp(56): warning C4244: 'inicializando': conversão de 'double' para 'int', possível perda de dados
c:\users\heloy\documents\github\dinamicacr\dinamicacr\dinamica\dinamica\sistema.cpp(57): warning C4244: 'inicializando': conversão de 'double' para 'int', possível perda de dados
c:\users\heloy\documents\github\dinamicacr\dinamicacr\dinamica\dinamica\sistema.cpp(58): warning C4101: 'C': variável local não referenciada
c:\users\heloy\documents\github\dinamicacr\dinamicacr\dinamica\dinamica\sistema.cpp(75): warning C4018: '<': incompatibilidade de signed/unsigned
c:\users\heloy\documents\github\dinamicacr\dinamicacr\dinamica\dinamica\sistema.cpp(92): warning C4018: '<': incompatibilidade de signed/unsigned
c:\users\heloy\documents\github\dinamicacr\dinamicacr\dinamica\dinamica\sistema.cpp(133): warning C4244: '=': conversão de 'double' para 'int', possível perda de dados
c:\users\heloy\documents\github\dinamicacr\dinamicacr\dinamica\dinamica\sistema.cpp(134): warning C4244: '=': conversão de 'double' para 'int', possível perda de dados
c:\users\heloy\documents\github\dinamicacr\dinamicacr\dinamica\dinamica\sistema.cpp(143): warning C4244: 'inicializando': conversão de 'double' para 'int', possível perda de dados
c:\users\heloy\documents\github\dinamicacr\dinamicacr\dinamica\dinamica\sistema.cpp(144): warning C4244: 'inicializando': conversão de 'double' para 'int', possível perda de dados
c:\users\heloy\documents\github\dinamicacr\dinamicacr\dinamica\dinamica\sistema.cpp(158): warning C4018: '<': incompatibilidade de signed/unsigned
c:\users\heloy\documents\github\dinamicacr\dinamicacr\dinamica\dinamica\sistema.cpp(160): warning C4018: '<': incompatibilidade de signed/unsigned
  dinamica.vcxproj -> C:\Users\heloy\Documents\GitHub\dinamicacr\DinamicaCR\dinamica\Debug\dinamica.exe
